In file included from [01m[K/home/auauau/RM_Auto_Aim/armor_detector/src/detector_node.cpp:22[m[K:
[01m[K/home/auauau/RM_Auto_Aim/armor_detector/include/armor_detector/detector_node.hpp:27:10:[m[K [01;31m[Kfatal error: [m[Kauto_aim_interfaces/msg/armors.hpp: æ²¡æœ‰é‚£ä¸ªæ–‡ä»¶æˆ–ç›®å½•
   27 | #include [01;31m[K"auto_aim_interfaces/msg/armors.hpp"[m[K
      |          [01;31m[K^~~~~~~~~~~~~~~~~~~~~~~~~~~~~~~~~~~~[m[K
compilation terminated.
gmake[2]: *** [CMakeFiles/armor_detector.dir/build.make:104ï¼šCMakeFiles/armor_detector.dir/src/detector_node.cpp.o] é”™è¯¯ 1
gmake[2]: *** æ­£åœ¨ç­‰å¾…æœªå®Œæˆçš„ä»»åŠ¡....
gmake[1]: *** [CMakeFiles/Makefile2:141ï¼šCMakeFiles/armor_detector.dir/all] é”™è¯¯ 2
gmake[1]: *** æ­£åœ¨ç­‰å¾…æœªå®Œæˆçš„ä»»åŠ¡....
gmake: *** [Makefile:146ï¼šall] é”™è¯¯ 2
