In file included from [01m[K/home/auauau/RM_Auto_Aim/armor_detector/src/detector_node.cpp:22[m[K:
[01m[K/home/auauau/RM_Auto_Aim/armor_detector/include/armor_detector/detector_node.hpp:27:10:[m[K [01;31m[Kfatal error: [m[Kauto_aim_interfaces/msg/armors.hpp: 没有那个文件或目录
   27 | #include [01;31m[K"auto_aim_interfaces/msg/armors.hpp"[m[K
      |          [01;31m[K^~~~~~~~~~~~~~~~~~~~~~~~~~~~~~~~~~~~[m[K
compilation terminated.
gmake[2]: *** [CMakeFiles/armor_detector.dir/build.make:104：CMakeFiles/armor_detector.dir/src/detector_node.cpp.o] 错误 1
gmake[2]: *** 正在等待未完成的任务....
gmake[1]: *** [CMakeFiles/Makefile2:141：CMakeFiles/armor_detector.dir/all] 错误 2
gmake[1]: *** 正在等待未完成的任务....
gmake: *** [Makefile:146：all] 错误 2
