[0.007s] Invoking command in '/home/auauau/RM_Auto_Aim/armor_detector/build/armor_detector': CMAKE_PREFIX_PATH=/opt/ros/humble /usr/bin/cmake /home/auauau/RM_Auto_Aim/armor_detector -DCMAKE_INSTALL_PREFIX=/home/auauau/RM_Auto_Aim/armor_detector/install/armor_detector
[0.044s] -- The C compiler identification is GNU 11.4.0
[0.083s] -- The CXX compiler identification is GNU 11.4.0
[0.088s] -- Detecting C compiler ABI info
[0.142s] -- Detecting C compiler ABI info - done
[0.146s] -- Check for working C compiler: /usr/bin/cc - skipped
[0.146s] -- Detecting C compile features
[0.147s] -- Detecting C compile features - done
[0.149s] -- Detecting CXX compiler ABI info
[0.221s] -- Detecting CXX compiler ABI info - done
[0.226s] -- Check for working CXX compiler: /usr/bin/c++ - skipped
[0.226s] -- Detecting CXX compile features
[0.226s] -- Detecting CXX compile features - done
[0.229s] -- Found OpenCV: /usr/local (found version "4.8.0") 
[0.230s] -- Found ament_cmake_auto: 1.3.11 (/opt/ros/humble/share/ament_cmake_auto/cmake)
[0.352s] -- Found Python3: /usr/bin/python3 (found version "3.10.12") found components: Interpreter 
[0.474s] -- Found rosidl_generator_c: 3.1.6 (/opt/ros/humble/share/rosidl_generator_c/cmake)
[0.476s] -- Found rosidl_adapter: 3.1.6 (/opt/ros/humble/share/rosidl_adapter/cmake)
[0.481s] -- Found rosidl_generator_cpp: 3.1.6 (/opt/ros/humble/share/rosidl_generator_cpp/cmake)
[0.488s] -- Using all available rosidl_typesupport_c: rosidl_typesupport_fastrtps_c;rosidl_typesupport_introspection_c
[0.498s] -- Using all available rosidl_typesupport_cpp: rosidl_typesupport_fastrtps_cpp;rosidl_typesupport_introspection_cpp
[0.523s] -- Found rmw_implementation_cmake: 6.1.2 (/opt/ros/humble/share/rmw_implementation_cmake/cmake)
[0.524s] -- Found rmw_fastrtps_cpp: 6.2.7 (/opt/ros/humble/share/rmw_fastrtps_cpp/cmake)
[0.599s] -- Found OpenSSL: /usr/lib/x86_64-linux-gnu/libcrypto.so (found version "3.0.2")  
[0.623s] -- Found FastRTPS: /opt/ros/humble/include  
[0.659s] -- Using RMW implementation 'rmw_fastrtps_cpp' as default
[0.664s] -- Looking for pthread.h
[0.737s] -- Looking for pthread.h - found
[0.737s] -- Performing Test CMAKE_HAVE_LIBC_PTHREAD
[0.791s] -- Performing Test CMAKE_HAVE_LIBC_PTHREAD - Success
[0.792s] -- Found Threads: TRUE  
[0.902s] -- Found eigen3_cmake_module: 0.1.1 (/opt/ros/humble/share/eigen3_cmake_module/cmake)
[0.902s] -- Found Eigen3: TRUE (found version "3.4.0") 
[0.903s] -- Ensuring Eigen3 include directory is part of orocos-kdl CMake target
[0.954s] -- Configuring done
[0.967s] -- Generating done
[0.972s] -- Build files have been written to: /home/auauau/RM_Auto_Aim/armor_detector/build/armor_detector
[0.978s] Invoked command in '/home/auauau/RM_Auto_Aim/armor_detector/build/armor_detector' returned '0': CMAKE_PREFIX_PATH=/opt/ros/humble /usr/bin/cmake /home/auauau/RM_Auto_Aim/armor_detector -DCMAKE_INSTALL_PREFIX=/home/auauau/RM_Auto_Aim/armor_detector/install/armor_detector
[0.980s] Invoking command in '/home/auauau/RM_Auto_Aim/armor_detector/build/armor_detector': CMAKE_PREFIX_PATH=/opt/ros/humble /usr/bin/cmake --build /home/auauau/RM_Auto_Aim/armor_detector/build/armor_detector -- -j24 -l24
[1.025s] [  9%] [32mBuilding CXX object CMakeFiles/armor_detector.dir/src/corner_corrector.cpp.o[0m
[1.025s] [ 18%] [32mBuilding CXX object CMakeFiles/armor_detector.dir/src/number_classifier.cpp.o[0m
[1.026s] [ 27%] [32mBuilding CXX object CMakeFiles/armor_detector.dir/src/detector.cpp.o[0m
[1.027s] [ 45%] [32mBuilding CXX object CMakeFiles/armor_detector.dir/src/pnp_solver.cpp.o[0m
[1.027s] [ 45%] [32mBuilding CXX object CMakeFiles/armor_detector.dir/src/detector_node.cpp.o[0m
[1.028s] [ 63%] [32mBuilding CXX object CMakeFiles/armor_detector_node.dir/rclcpp_components/node_main_armor_detector_node.cpp.o[0m
[1.028s] [ 63%] [32mBuilding CXX object CMakeFiles/armor_detector.dir/src/tool.cpp.o[0m
[1.304s] In file included from [01m[K/home/auauau/RM_Auto_Aim/armor_detector/src/detector_node.cpp:22[m[K:
[1.304s] [01m[K/home/auauau/RM_Auto_Aim/armor_detector/include/armor_detector/detector_node.hpp:27:10:[m[K [01;31m[Kfatal error: [m[Kauto_aim_interfaces/msg/armors.hpp: Ê≤°ÊúâÈÇ£‰∏™Êñá‰ª∂ÊàñÁõÆÂΩï
[1.304s]    27 | #include [01;31m[K"auto_aim_interfaces/msg/armors.hpp"[m[K
[1.304s]       |          [01;31m[K^~~~~~~~~~~~~~~~~~~~~~~~~~~~~~~~~~~~[m[K
[1.304s] compilation terminated.
[1.308s] gmake[2]: *** [CMakeFiles/armor_detector.dir/build.make:104ÔºöCMakeFiles/armor_detector.dir/src/detector_node.cpp.o] ÈîôËØØ 1
[1.308s] gmake[2]: *** Ê≠£Âú®Á≠âÂæÖÊú™ÂÆåÊàêÁöÑ‰ªªÂä°....
[2.333s] gmake[1]: *** [CMakeFiles/Makefile2:141ÔºöCMakeFiles/armor_detector.dir/all] ÈîôËØØ 2
[2.333s] gmake[1]: *** Ê≠£Âú®Á≠âÂæÖÊú™ÂÆåÊàêÁöÑ‰ªªÂä°....
[2.968s] [ 72%] [32m[1mLinking CXX executable armor_detector_node[0m
[3.098s] [ 72%] Built target armor_detector_node
[3.099s] gmake: *** [Makefile:146Ôºöall] ÈîôËØØ 2
[3.102s] Invoked command in '/home/auauau/RM_Auto_Aim/armor_detector/build/armor_detector' returned '2': CMAKE_PREFIX_PATH=/opt/ros/humble /usr/bin/cmake --build /home/auauau/RM_Auto_Aim/armor_detector/build/armor_detector -- -j24 -l24
