[01m[K/home/auauau/RM_Auto_Aim/src/armor_detector/test/test.cpp:[m[K In function â€˜[01m[Kint main()[m[Kâ€™:
[01m[K/home/auauau/RM_Auto_Aim/src/armor_detector/test/test.cpp:165:39:[m[K [01;31m[Kerror: [m[Kâ€˜[01m[Kpkg_share_path[m[Kâ€™ was not declared in this scope
  165 |     std::string model_path = fs::path([01;31m[Kpkg_share_path[m[K) / "model/mlp.onnx";
      |                                       [01;31m[K^~~~~~~~~~~~~~[m[K
gmake[2]: *** [CMakeFiles/armor_detector_test.dir/build.make:76ï¼šCMakeFiles/armor_detector_test.dir/test/test.cpp.o] é”™è¯¯ 1
gmake[1]: *** [CMakeFiles/Makefile2:193ï¼šCMakeFiles/armor_detector_test.dir/all] é”™è¯¯ 2
gmake: *** [Makefile:146ï¼šall] é”™è¯¯ 2
