-- Found ament_cmake_auto: 1.3.11 (/opt/ros/humble/share/ament_cmake_auto/cmake)
-- Found auto_aim_interfaces: 0.0.0 (/home/auauau/RM_Auto_Aim/install/auto_aim_interfaces/share/auto_aim_interfaces/cmake)
-- Found rosidl_generator_c: 3.1.6 (/opt/ros/humble/share/rosidl_generator_c/cmake)
-- Found rosidl_adapter: 3.1.6 (/opt/ros/humble/share/rosidl_adapter/cmake)
-- Found rosidl_generator_cpp: 3.1.6 (/opt/ros/humble/share/rosidl_generator_cpp/cmake)
-- Using all available rosidl_typesupport_c: rosidl_typesupport_fastrtps_c;rosidl_typesupport_introspection_c
-- Using all available rosidl_typesupport_cpp: rosidl_typesupport_fastrtps_cpp;rosidl_typesupport_introspection_cpp
-- Found rmw_implementation_cmake: 6.1.2 (/opt/ros/humble/share/rmw_implementation_cmake/cmake)
-- Found rmw_fastrtps_cpp: 6.2.7 (/opt/ros/humble/share/rmw_fastrtps_cpp/cmake)
-- Using RMW implementation 'rmw_fastrtps_cpp' as default
-- Found eigen3_cmake_module: 0.1.1 (/opt/ros/humble/share/eigen3_cmake_module/cmake)
-- Ensuring Eigen3 include directory is part of orocos-kdl CMake target
-- Configuring done
-- Generating done
-- Build files have been written to: /home/auauau/RM_Auto_Aim/build/armor_detector
[35m[1mConsolidate compiler generated dependencies of target armor_detector_node[0m
[35m[1mConsolidate compiler generated dependencies of target armor_detector[0m
[ 18%] Built target armor_detector_node
[ 81%] Built target armor_detector
[35m[1mConsolidate compiler generated dependencies of target armor_detector_test[0m
[ 90%] [32mBuilding CXX object CMakeFiles/armor_detector_test.dir/test/test.cpp.o[0m
[01m[K/home/auauau/RM_Auto_Aim/src/armor_detector/test/test.cpp:[m[K In function â€˜[01m[Kint main()[m[Kâ€™:
[01m[K/home/auauau/RM_Auto_Aim/src/armor_detector/test/test.cpp:165:39:[m[K [01;31m[Kerror: [m[Kâ€˜[01m[Kpkg_share_path[m[Kâ€™ was not declared in this scope
  165 |     std::string model_path = fs::path([01;31m[Kpkg_share_path[m[K) / "model/mlp.onnx";
      |                                       [01;31m[K^~~~~~~~~~~~~~[m[K
gmake[2]: *** [CMakeFiles/armor_detector_test.dir/build.make:76ï¼šCMakeFiles/armor_detector_test.dir/test/test.cpp.o] é”™è¯¯ 1
gmake[1]: *** [CMakeFiles/Makefile2:193ï¼šCMakeFiles/armor_detector_test.dir/all] é”™è¯¯ 2
gmake: *** [Makefile:146ï¼šall] é”™è¯¯ 2
