[0.007s] Invoking command in '/home/auauau/RM_Auto_Aim/build/armor_detector': AMENT_PREFIX_PATH=/home/auauau/RM_Auto_Aim/install/auto_aim_interfaces:${AMENT_PREFIX_PATH} CMAKE_PREFIX_PATH=/home/auauau/RM_Auto_Aim/install/auto_aim_interfaces:/opt/ros/humble LD_LIBRARY_PATH=/home/auauau/RM_Auto_Aim/install/auto_aim_interfaces/lib:${LD_LIBRARY_PATH} PYTHONPATH=/home/auauau/RM_Auto_Aim/install/auto_aim_interfaces/local/lib/python3.10/dist-packages:${PYTHONPATH} /usr/bin/cmake --build /home/auauau/RM_Auto_Aim/build/armor_detector -- -j24 -l24
[0.027s] -- Found ament_cmake_auto: 1.3.11 (/opt/ros/humble/share/ament_cmake_auto/cmake)
[0.116s] -- Found auto_aim_interfaces: 0.0.0 (/home/auauau/RM_Auto_Aim/install/auto_aim_interfaces/share/auto_aim_interfaces/cmake)
[0.132s] -- Found rosidl_generator_c: 3.1.6 (/opt/ros/humble/share/rosidl_generator_c/cmake)
[0.133s] -- Found rosidl_adapter: 3.1.6 (/opt/ros/humble/share/rosidl_adapter/cmake)
[0.137s] -- Found rosidl_generator_cpp: 3.1.6 (/opt/ros/humble/share/rosidl_generator_cpp/cmake)
[0.143s] -- Using all available rosidl_typesupport_c: rosidl_typesupport_fastrtps_c;rosidl_typesupport_introspection_c
[0.151s] -- Using all available rosidl_typesupport_cpp: rosidl_typesupport_fastrtps_cpp;rosidl_typesupport_introspection_cpp
[0.241s] -- Found rmw_implementation_cmake: 6.1.2 (/opt/ros/humble/share/rmw_implementation_cmake/cmake)
[0.242s] -- Found rmw_fastrtps_cpp: 6.2.7 (/opt/ros/humble/share/rmw_fastrtps_cpp/cmake)
[0.309s] -- Using RMW implementation 'rmw_fastrtps_cpp' as default
[0.386s] -- Found eigen3_cmake_module: 0.1.1 (/opt/ros/humble/share/eigen3_cmake_module/cmake)
[0.387s] -- Ensuring Eigen3 include directory is part of orocos-kdl CMake target
[0.435s] -- Configuring done
[0.449s] -- Generating done
[0.454s] -- Build files have been written to: /home/auauau/RM_Auto_Aim/build/armor_detector
[0.474s] [35m[1mConsolidate compiler generated dependencies of target armor_detector_node[0m
[0.475s] [35m[1mConsolidate compiler generated dependencies of target armor_detector[0m
[0.486s] [ 18%] Built target armor_detector_node
[0.492s] [ 81%] Built target armor_detector
[0.499s] [35m[1mConsolidate compiler generated dependencies of target armor_detector_test[0m
[0.510s] [ 90%] [32mBuilding CXX object CMakeFiles/armor_detector_test.dir/test/test.cpp.o[0m
[1.328s] [01m[K/home/auauau/RM_Auto_Aim/src/armor_detector/test/test.cpp:[m[K In function â€˜[01m[Kint main()[m[Kâ€™:
[1.328s] [01m[K/home/auauau/RM_Auto_Aim/src/armor_detector/test/test.cpp:165:39:[m[K [01;31m[Kerror: [m[Kâ€˜[01m[Kpkg_share_path[m[Kâ€™ was not declared in this scope
[1.328s]   165 |     std::string model_path = fs::path([01;31m[Kpkg_share_path[m[K) / "model/mlp.onnx";
[1.328s]       |                                       [01;31m[K^~~~~~~~~~~~~~[m[K
[1.604s] gmake[2]: *** [CMakeFiles/armor_detector_test.dir/build.make:76ï¼šCMakeFiles/armor_detector_test.dir/test/test.cpp.o] é”™è¯¯ 1
[1.604s] gmake[1]: *** [CMakeFiles/Makefile2:193ï¼šCMakeFiles/armor_detector_test.dir/all] é”™è¯¯ 2
[1.604s] gmake: *** [Makefile:146ï¼šall] é”™è¯¯ 2
[1.606s] Invoked command in '/home/auauau/RM_Auto_Aim/build/armor_detector' returned '2': AMENT_PREFIX_PATH=/home/auauau/RM_Auto_Aim/install/auto_aim_interfaces:${AMENT_PREFIX_PATH} CMAKE_PREFIX_PATH=/home/auauau/RM_Auto_Aim/install/auto_aim_interfaces:/opt/ros/humble LD_LIBRARY_PATH=/home/auauau/RM_Auto_Aim/install/auto_aim_interfaces/lib:${LD_LIBRARY_PATH} PYTHONPATH=/home/auauau/RM_Auto_Aim/install/auto_aim_interfaces/local/lib/python3.10/dist-packages:${PYTHONPATH} /usr/bin/cmake --build /home/auauau/RM_Auto_Aim/build/armor_detector -- -j24 -l24
