<?xml version="1.0" encoding="UTF-8"?>
<Site BuildName="(empty)"
	BuildStamp="20250226-1541-Experimental"
	Name="hp"
	Generator="ctest-3.22.1"
	CompilerName="/usr/bin/g++"
	CompilerVersion="11.4.0"
	OSName="Linux"
	Hostname="hp"
	OSRelease="6.8.0-52-generic"
	OSVersion="#53~22.04.1-Ubuntu SMP PREEMPT_DYNAMIC Wed Jan 15 19:18:46 UTC 2"
	OSPlatform="x86_64"
	Is64Bits="1"
	VendorString="GenuineIntel"
	VendorID="Intel Corporation"
	FamilyID="6"
	ModelID="183"
	ProcessorCacheSize="30720"
	NumberOfLogicalCPU="24"
	NumberOfPhysicalCPU="16"
	TotalVirtualMemory="0"
	TotalPhysicalMemory="15692"
	LogicalProcessorsPerPhysical="1"
	ProcessorClockFrequency="799.614"
	>
	<Testing>
		<StartDateTime>Feb 26 23:43 CST</StartDateTime>
		<StartTestTime>1740584601</StartTestTime>
		<TestList/>
		<EndDateTime>Feb 26 23:43 CST</EndDateTime>
		<EndTestTime>1740584601</EndTestTime>
		<ElapsedMinutes>0</ElapsedMinutes>
	</Testing>
</Site>
